C:\Users\vth\Desktop\template2018\bibliotheek\groenemod.dwg,Model,29/03/2018 8:59:10,Vincent Theuninck,Xerox Phaser 3250 PS - Werkplaats.pc3,A4,1:2,
C:\Users\vth\Desktop\template2018\bibliotheek\groenemod.dwg,Model,29/03/2018 8:59:41,Vincent Theuninck,Xerox Phaser 3250 PS - Werkplaats.pc3,A4,1:2.437,
C:\Users\vth\Desktop\template2018\bibliotheek\groenemod.dwg,Model,29/03/2018 9:51:44,Vincent Theuninck,Xerox Phaser 3250 PS - Werkplaats.pc3,A4,1:2,
C:\Users\vth\Desktop\template2018\bibliotheek\groenemod.dwg,Model,29/03/2018 14:14:11,Vincent Theuninck,Xerox Phaser 3250 PS - Werkplaats.pc3,A4,1:2,
C:\Users\vth\Desktop\template2018\bibliotheek\groenemod.dwg,Model,29/03/2018 14:19:18,Vincent Theuninck,Xerox Phaser 3250 PS - Werkplaats.pc3,A4,1:2,
C:\Users\vth\Desktop\template2018\bibliotheek\groenemod.dwg,Model,29/03/2018 14:24:23,Vincent Theuninck,Xerox Phaser 3250 PS - Werkplaats.pc3,A4,1:2,
C:\Users\vth\Desktop\template2018\bibliotheek\groenemod.dwg,Model,29/03/2018 14:46:11,Vincent Theuninck,Xerox Phaser 3250 PS - Werkplaats.pc3,A4,1:2,
C:\Users\vth\Desktop\template2018\bibliotheek\groenemod.dwg,Model,19/04/2018 8:43:51,Vincent Theuninck,Xerox Phaser 3250 PS - Werkplaats.pc3,A4,1:2,
C:\Users\vth\Desktop\template2018\bibliotheek\groenemod.dwg,Model,19/04/2018 8:45:36,Vincent Theuninck,Xerox Phaser 3250 PS - Werkplaats.pc3,A4,1:2,
C:\Users\vth\Desktop\template2018\bibliotheek\groenemod.dwg,Model,25/06/2018 15:29:34,Vincent Theuninck,Microsoft Print to PDF,A4,1:2,
C:\Users\vth\Desktop\template2018\bibliotheek\groenemod.dwg,Model,2/07/2018 13:11:32,Vincent Theuninck,Xerox Phaser 3250 PS - Werkplaats.pc3,A4,1:2,
C:\Users\vth\Desktop\template2018\bibliotheek\groenemod.dwg,Model,2/07/2018 13:12:05,Vincent Theuninck,Xerox Phaser 3250 PS - Werkplaats.pc3,A4,1:2,
C:\Users\vth\Desktop\template2018\bibliotheek\groenemod.dwg,Model,2/07/2018 13:12:34,Vincent Theuninck,Xerox Phaser 3250 PS - Werkplaats.pc3,A4,1:2,
C:\Users\vth\Desktop\template2018\bibliotheek\pc-layouts.dwg,Model,2/07/2018 13:15:35,Vincent Theuninck,\\DC02\Xerox Phaser 3250 PS - Werkplaats,A4,1:2.2,
C:\Users\vth\Desktop\template2018\bibliotheek\pc-layouts.dwg,Model,20/08/2018 11:04:48,Vincent Theuninck,\\DC02\Xerox Phaser 3250 PS - Werkplaats,A4,1:2.2,
C:\Users\vth\Desktop\template2018\bibliotheek\groenemod.dwg,Model,23/08/2018 17:08:28,Vincent Theuninck,Xerox Phaser 3250 PS - Werkplaats.pc3,A4,1:1.83274,
C:\Users\vth\Desktop\template2018\bibliotheek\pc-layouts.dwg,Model,30/08/2018 10:42:31,Vincent Theuninck,\\DC02\Xerox Phaser 3250 PS - Werkplaats,A4,1:2.2,
C:\Users\vth\Desktop\template2018\bibliotheek\pc-layouts.dwg,Model,30/08/2018 10:44:51,Vincent Theuninck,\\DC02\Xerox Phaser 3250 PS - Werkplaats,A4,1:2.2,
C:\Users\vth\Desktop\template2018\bibliotheek\pc-layouts.dwg,Model,31/08/2018 8:18:54,Vincent Theuninck,\\DC02\Xerox Phaser 3250 PS - Werkplaats,A4,1:2.2,
C:\Users\vth\Desktop\template2018\bibliotheek\pc-layouts.dwg,Model,31/08/2018 8:24:14,Vincent Theuninck,\\DC02\Xerox Phaser 3250 PS - Werkplaats,A4,1:2.2,
C:\Users\vth\Desktop\template2018\bibliotheek\groenemod.dwg,Model,31/08/2018 10:14:07,Vincent Theuninck,Xerox Phaser 3250 PS - Werkplaats.pc3,A4,1:2.16363,
C:\Users\vth\Desktop\template2018\bibliotheek\groenemod.dwg,Model,31/08/2018 10:41:47,Vincent Theuninck,Xerox Phaser 3250 PS - Werkplaats.pc3,A4,1:2,
C:\Users\vth\Desktop\template2018\bibliotheek\groenemod.dwg,Model,31/08/2018 10:49:20,Vincent Theuninck,Xerox Phaser 3250 PS - Werkplaats.pc3,A4,1:2.07579,
C:\Users\vth\Desktop\template2018\bibliotheek\pc-layouts.dwg,Model,26/09/2018 9:47:07,Vincent Theuninck,\\DC02\Xerox Phaser 3250 PS - Werkplaats,A4,1:1.84681,
C:\Users\vth\Desktop\template2018\bibliotheek\pc-layouts.dwg,Model,26/09/2018 9:48:09,Vincent Theuninck,\\DC02\Xerox Phaser 3250 PS - Werkplaats,A4,1:1.74493,
C:\Users\vth\Desktop\template2018\bibliotheek\pc-layouts.dwg,Model,26/09/2018 10:33:54,Vincent Theuninck,\\DC02\Xerox Phaser 3250 PS - Werkplaats,A4,1:1.67995,
C:\Users\vth\Desktop\template2018\bibliotheek\groenemod.dwg,Model,26/09/2018 10:43:14,Vincent Theuninck,Xerox Phaser 3250 PS - Werkplaats.pc3,A4,1:1.93571,
C:\Users\vth\Desktop\template2018\bibliotheek\groenemod.dwg,Model,26/09/2018 10:51:32,Vincent Theuninck,Xerox Phaser 3250 PS - Werkplaats.pc3,A4,1:1.92615,
C:\Users\vth\Desktop\template2018\bibliotheek\groenemod.dwg,Model,26/09/2018 11:12:08,Vincent Theuninck,Xerox Phaser 3250 PS - Werkplaats.pc3,A4,1:2,
C:\Users\vth\Desktop\template2018\bibliotheek\pc-layouts.dwg,Model,1/10/2018 12:52:51,Vincent Theuninck,\\DC02\Xerox Phaser 3250 PS - Werkplaats,A4,1:2.17154,
C:\Users\vth\Desktop\template2018\bibliotheek\pc-layouts.dwg,Model,1/10/2018 12:59:51,Vincent Theuninck,\\DC02\Xerox Phaser 3250 PS - Werkplaats,A4,1:2.1,
C:\Users\vth\Desktop\template2018\bibliotheek\pc-layouts.dwg,Model,22/11/2018 11:30:26,Vincent Theuninck,\\DC02\Xerox Phaser 3250 PS - Werkplaats,A4,1:2.2,
C:\Users\vth\Desktop\template2018\bibliotheek\pc-layouts.dwg,Model,22/11/2018 11:31:58,Vincent Theuninck,\\DC02\Xerox Phaser 3250 PS - Werkplaats,A4,1:2.2,
C:\Users\vth\Desktop\template2018\bibliotheek\pc-layouts.dwg,Model,26/11/2018 16:01:45,Vincent Theuninck,\\DC02\Xerox Phaser 3250 PS - Werkplaats,A4,1:2.2,
C:\Users\vth\Desktop\template2018\bibliotheek\pc-layouts.dwg,Model,26/11/2018 16:07:45,Vincent Theuninck,\\DC02\Xerox Phaser 3250 PS - Werkplaats,A4,1:2.2,
C:\Users\vth\Desktop\template2018\bibliotheek\groenemod.dwg,Model,26/11/2018 16:11:18,Vincent Theuninck,Xerox Phaser 3250 PS - Werkplaats.pc3,A4,1:2,
C:\Users\vth\Desktop\template2018\bibliotheek\groenemod.dwg,Model,26/11/2018 16:11:53,Vincent Theuninck,Xerox Phaser 3250 PS - Werkplaats.pc3,A4,1:2,
C:\Users\vth\Desktop\template2018\bibliotheek\groenemod.dwg,Model,26/11/2018 16:12:22,Vincent Theuninck,Xerox Phaser 3250 PS - Werkplaats.pc3,A4,1:2,
C:\Users\vth\Desktop\template2018\bibliotheek\groenemod.dwg,Model,26/11/2018 16:20:08,Vincent Theuninck,Xerox Phaser 3250 PS - Werkplaats.pc3,A4,1:2,
C:\Users\vth\Desktop\template2018\bibliotheek\groenemod.dwg,Model,27/11/2018 10:08:05,Vincent Theuninck,Xerox Phaser 3250 PS - Werkplaats.pc3,A4,1:2,
C:\Users\vth\Desktop\template2018\bibliotheek\groenemod.dwg,Model,27/11/2018 10:12:04,Vincent Theuninck,Xerox Phaser 3250 PS - Werkplaats.pc3,A4,1:2,
C:\Users\vth\Desktop\template2018\bibliotheek\groenemod.dwg,Model,27/11/2018 10:15:19,Vincent Theuninck,Xerox Phaser 3250 PS - Werkplaats.pc3,A4,1:2,
C:\Users\vth\Desktop\template2018\bibliotheek\groenemod.dwg,Model,27/11/2018 10:16:59,Vincent Theuninck,Xerox Phaser 3250 PS - Werkplaats.pc3,A4,1:2,
C:\Users\vth\Desktop\template2018\bibliotheek\groenemod.dwg,Model,27/11/2018 10:18:48,Vincent Theuninck,Xerox Phaser 3250 PS - Werkplaats.pc3,A4,1:2,
C:\Users\vth\Desktop\template2018\bibliotheek\groenemod.dwg,Model,27/11/2018 10:19:44,Vincent Theuninck,Xerox Phaser 3250 PS - Werkplaats.pc3,A4,1:2,
C:\Users\vth\Desktop\template2018\bibliotheek\groenemod.dwg,Model,28/11/2018 11:49:00,Vincent Theuninck,Xerox Phaser 3250 PS - Werkplaats.pc3,A4,1:2,
C:\Users\vth\Desktop\template2018\bibliotheek\groenemod.dwg,Model,28/11/2018 11:53:20,Vincent Theuninck,Xerox Phaser 3250 PS - Werkplaats.pc3,A4,1:2,
C:\Users\vth\Desktop\template2018\bibliotheek\groenemod.dwg,Model,29/11/2018 14:23:03,Vincent Theuninck,Xerox Phaser 3250 PS - Werkplaats.pc3,A4,1:2,
C:\Users\vth\Desktop\template2018\bibliotheek\pc-layouts.dwg,Model,11/12/2018 14:46:54,Vincent Theuninck,\\DC02\Xerox Phaser 3250 PS - Werkplaats,A4,1:2.2,
C:\Users\vth\Desktop\template2018\bibliotheek\pc-layouts.dwg,Model,11/12/2018 14:55:07,Vincent Theuninck,\\DC02\Xerox Phaser 3250 PS - Werkplaats,A4,1:2.2,
C:\Users\vth\Desktop\template2018\bibliotheek\pc-layouts.dwg,Model,11/12/2018 15:41:04,Vincent Theuninck,\\DC02\Xerox Phaser 3250 PS - Werkplaats,A4,1:2.2,
C:\Users\vth\Desktop\template2018\bibliotheek\pc-layouts.dwg,Model,11/12/2018 16:20:43,Vincent Theuninck,\\DC02\Xerox Phaser 3250 PS - Werkplaats,A4,1:2.2,
C:\Users\vth\Desktop\template2018\bibliotheek\pc-layouts.dwg,Model,17/12/2018 9:11:38,Vincent Theuninck,\\DC02\Xerox Phaser 3250 PS - Werkplaats,A4,1:2.2,
C:\Users\vth\Desktop\template2018\bibliotheek\pc-layouts.dwg,Model,17/12/2018 9:22:56,Vincent Theuninck,hardpapier,A4,1:1,
C:\Users\vth\Desktop\template2018\bibliotheek\pc-layouts.dwg,Model,17/12/2018 9:23:15,Vincent Theuninck,hardpapier,A4,1:1,
C:\Users\vth\Desktop\template2018\bibliotheek\pc-layouts.dwg,Model,20/12/2018 10:55:44,Vincent Theuninck,\\DC02\Xerox Phaser 3250 PS - Werkplaats,A4,1:2.2,
C:\Users\vth\Desktop\template2018\bibliotheek\pc-layouts.dwg,Model,9/01/2019 15:47:32,Vincent Theuninck,\\DC02\Xerox Phaser 3250 PS - Werkplaats,A4,1:2.2,
C:\Users\vth\Desktop\template2018\bibliotheek\pc-layouts.dwg,Model,9/01/2019 16:09:06,Vincent Theuninck,\\DC02\Xerox Phaser 3250 PS - Werkplaats,A4,1:2.2,
C:\Users\vth\Desktop\template2018\bibliotheek\pc-layouts.dwg,Model,9/01/2019 16:11:32,Vincent Theuninck,\\DC02\Xerox Phaser 3250 PS - Werkplaats,A4,1:2.2,
C:\Users\vth\Desktop\template2018\bibliotheek\groenemod.dwg,Model,10/01/2019 11:18:29,Vincent Theuninck,Xerox Phaser 3250 PS - Werkplaats.pc3,A4,1:2,
C:\Users\vth\Desktop\template2018\bibliotheek\pc-layouts.dwg,Model,31/01/2019 16:16:19,Vincent Theuninck,\\DC02\Xerox Phaser 3250 PS - Werkplaats,A4,1:1.89855,
C:\Users\vth\Desktop\template2018\bibliotheek\pc-layouts.dwg,Model,4/02/2019 15:09:39,Vincent Theuninck,\\DC02\Xerox Phaser 3250 PS - Werkplaats,A4,1:2.2,
C:\Users\vth\Desktop\template2018\bibliotheek\pc-layouts.dwg,Model,4/02/2019 15:18:52,Vincent Theuninck,\\DC02\Xerox Phaser 3250 PS - Werkplaats,A4,1:2.2,
C:\Users\vth\Desktop\template2018\bibliotheek\pc-layouts.dwg,Model,4/02/2019 15:20:15,Vincent Theuninck,\\DC02\Xerox Phaser 3250 PS - Werkplaats,A4,1:2.2,
C:\Users\vth\Desktop\template2018\bibliotheek\pc-layouts.dwg,Model,7/02/2019 9:03:26,Vincent Theuninck,\\DC02\Xerox Phaser 3250 PS - Werkplaats,A4,1:2.2,
C:\Users\vth\Desktop\template2018\bibliotheek\pc-layouts.dwg,Model,7/02/2019 9:50:27,Vincent Theuninck,\\DC02\Xerox Phaser 3250 PS - Werkplaats,A4,1:2.2,
